<?xml version="1.0" encoding="UTF-8"?>
<!-- Generated by org.testng.reporters.JUnitXMLReporter -->
<testsuite ignored="19" hostname="MBRLT01195" failures="0" tests="1" name="Test" time="14.684" errors="0" timestamp="2025-05-29T07:47:14 IST">
  <testcase classname="Mb_Search_Test.HomepageTest" name="search_homepage" time="9.473"/>
  <testcase classname="Mb_Search_Test.HomepageTest" name="popularownerwidget4" time="0.0">
    <ignored/>
  </testcase> <!-- popularownerwidget4 -->
  <testcase classname="Mb_Search_Test.HomepageTest" name="popularownerwidget3" time="0.0">
    <ignored/>
  </testcase> <!-- popularownerwidget3 -->
  <testcase classname="Mb_Search_Test.HomepageTest" name="popularownerwidget2" time="0.0">
    <ignored/>
  </testcase> <!-- popularownerwidget2 -->
  <testcase classname="Mb_Search_Test.HomepageTest" name="propertyservice_homeInterior" time="0.0">
    <ignored/>
  </testcase> <!-- propertyservice_homeInterior -->
  <testcase classname="Mb_Search_Test.HomepageTest" name="popularownerwidget1" time="0.0">
    <ignored/>
  </testcase> <!-- popularownerwidget1 -->
  <testcase classname="Mb_Search_Test.HomepageTest" name="newProjectwidget" time="0.0">
    <ignored/>
  </testcase> <!-- newProjectwidget -->
  <testcase classname="Mb_Search_Test.HomepageTest" name="readyToMoveFlatswidget" time="0.0">
    <ignored/>
  </testcase> <!-- readyToMoveFlatswidget -->
  <testcase classname="Mb_Search_Test.HomepageTest" name="ownerpropertywidget" time="0.0">
    <ignored/>
  </testcase> <!-- ownerpropertywidget -->
  <testcase classname="Mb_Search_Test.HomepageTest" name="defaultcommercial" time="0.0">
    <ignored/>
  </testcase> <!-- defaultcommercial -->
  <testcase classname="Mb_Search_Test.HomepageTest" name="search_homepage1" time="0.0">
    <ignored/>
  </testcase> <!-- search_homepage1 -->
  <testcase classname="Mb_Search_Test.HomepageTest" name="defaultsearch_rent" time="0.0">
    <ignored/>
  </testcase> <!-- defaultsearch_rent -->
  <testcase classname="Mb_Search_Test.HomepageTest" name="defaultpg" time="0.0">
    <ignored/>
  </testcase> <!-- defaultpg -->
  <testcase classname="Mb_Search_Test.HomepageTest" name="magichometwidget" time="0.0">
    <ignored/>
  </testcase> <!-- magichometwidget -->
  <testcase classname="Mb_Search_Test.HomepageTest" name="defaultsearch_buy" time="0.0">
    <ignored/>
  </testcase> <!-- defaultsearch_buy -->
  <testcase classname="Mb_Search_Test.HomepageTest" name="prfeeredagentwidget" time="0.0">
    <ignored/>
  </testcase> <!-- prfeeredagentwidget -->
  <testcase classname="Mb_Search_Test.HomepageTest" name="budgetHomewidget" time="0.0">
    <ignored/>
  </testcase> <!-- budgetHomewidget -->
  <testcase classname="Mb_Search_Test.HomepageTest" name="defaultmagichome" time="0.0">
    <ignored/>
  </testcase> <!-- defaultmagichome -->
  <testcase classname="Mb_Search_Test.HomepageTest" name="defaultplot" time="0.0">
    <ignored/>
  </testcase> <!-- defaultplot -->
  <testcase classname="Mb_Search_Test.HomepageTest" name="propertyservice_homeLoanWidget" time="0.0">
    <ignored/>
  </testcase> <!-- propertyservice_homeLoanWidget -->
</testsuite> <!-- Test -->
