<?xml version="1.0" encoding="UTF-8"?>
<testng-results ignored="0" total="1" passed="1" failed="0" skipped="0">
  <reporter-output>
  </reporter-output>
  <suite started-at="2025-05-06T12:09:17 IST" name="Suite" finished-at="2025-05-06T12:09:37 IST" duration-ms="19533">
    <groups>
    </groups>
    <test started-at="2025-05-06T12:09:17 IST" name="Test" finished-at="2025-05-06T12:09:37 IST" duration-ms="19533">
      <class name="Mb_Search_Test.Mb_srp_Test">
        <test-method is-config="true" signature="setup()[pri:0, instance:Mb_Search_Test.Mb_srp_Test@4fb0f2b9]" started-at="2025-05-06T12:09:18 IST" name="setup" finished-at="2025-05-06T12:09:25 IST" duration-ms="7334" status="PASS">
          <reporter-output>
          </reporter-output>
        </test-method> <!-- setup -->
        <test-method signature="searchnewkeyword()[pri:2, instance:Mb_Search_Test.Mb_srp_Test@4fb0f2b9]" started-at="2025-05-06T12:09:25 IST" name="searchnewkeyword" finished-at="2025-05-06T12:09:37 IST" duration-ms="11756" status="PASS">
          <reporter-output>
          </reporter-output>
        </test-method> <!-- searchnewkeyword -->
      </class> <!-- Mb_Search_Test.Mb_srp_Test -->
    </test> <!-- Test -->
  </suite> <!-- Suite -->
</testng-results>
