<?xml version="1.0" encoding="UTF-8"?>
<testng-results ignored="0" total="1" passed="1" failed="0" skipped="0">
  <reporter-output>
  </reporter-output>
  <suite started-at="2025-04-22T18:00:04 IST" name="Suite" finished-at="2025-04-22T18:00:23 IST" duration-ms="18961">
    <groups>
    </groups>
    <test started-at="2025-04-22T18:00:04 IST" name="Test" finished-at="2025-04-22T18:00:23 IST" duration-ms="18961">
      <class name="Mb_Search_Test.Mb_srp_Test">
        <test-method is-config="true" signature="setup()[pri:0, instance:Mb_Search_Test.Mb_srp_Test@dd8ba08]" started-at="2025-04-22T18:00:04 IST" name="setup" finished-at="2025-04-22T18:00:10 IST" duration-ms="6225" status="PASS">
          <reporter-output>
          </reporter-output>
        </test-method> <!-- setup -->
        <test-method signature="searchnewkeyword()[pri:2, instance:Mb_Search_Test.Mb_srp_Test@dd8ba08]" started-at="2025-04-22T18:00:10 IST" name="searchnewkeyword" finished-at="2025-04-22T18:00:23 IST" duration-ms="12311" status="PASS">
          <reporter-output>
          </reporter-output>
        </test-method> <!-- searchnewkeyword -->
      </class> <!-- Mb_Search_Test.Mb_srp_Test -->
    </test> <!-- Test -->
  </suite> <!-- Suite -->
</testng-results>
