<?xml version="1.0" encoding="UTF-8"?>
<testng-results ignored="0" total="1" passed="1" failed="0" skipped="0">
  <reporter-output>
  </reporter-output>
  <suite started-at="2025-04-22T12:44:15 IST" name="Default suite" finished-at="2025-04-22T12:44:33 IST" duration-ms="18350">
    <groups>
    </groups>
    <test started-at="2025-04-22T12:44:15 IST" name="Default test" finished-at="2025-04-22T12:44:33 IST" duration-ms="18350">
      <class name="Mb_Search_Test.Mb_srp_Test">
        <test-method is-config="true" signature="setup()[pri:0, instance:Mb_Search_Test.Mb_srp_Test@564fabc8]" started-at="2025-04-22T12:44:15 IST" name="setup" finished-at="2025-04-22T12:44:22 IST" duration-ms="6875" status="PASS">
          <reporter-output>
          </reporter-output>
        </test-method> <!-- setup -->
        <test-method signature="searchnewkeyword()[pri:2, instance:Mb_Search_Test.Mb_srp_Test@564fabc8]" started-at="2025-04-22T12:44:22 IST" name="searchnewkeyword" finished-at="2025-04-22T12:44:33 IST" duration-ms="11428" status="PASS">
          <reporter-output>
          </reporter-output>
        </test-method> <!-- searchnewkeyword -->
      </class> <!-- Mb_Search_Test.Mb_srp_Test -->
    </test> <!-- Default test -->
  </suite> <!-- Default suite -->
</testng-results>
