<?xml version="1.0" encoding="UTF-8"?>
<testng-results ignored="0" total="3" passed="3" failed="0" skipped="0">
  <reporter-output>
  </reporter-output>
  <suite started-at="2025-06-03T13:19:50 IST" name="Default suite" finished-at="2025-06-03T13:20:26 IST" duration-ms="36398">
    <groups>
    </groups>
    <test started-at="2025-06-03T13:19:50 IST" name="Default test" finished-at="2025-06-03T13:20:26 IST" duration-ms="36398">
      <class name="Mb_Search_Test.TopAgent_Test">
        <test-method is-config="true" signature="setup()[pri:0, instance:Mb_Search_Test.TopAgent_Test@77a7cf58]" started-at="2025-06-03T13:19:50 IST" name="setup" finished-at="2025-06-03T13:19:58 IST" duration-ms="7969" status="PASS">
          <reporter-output>
          </reporter-output>
        </test-method> <!-- setup -->
        <test-method signature="agentcontactCTA()[pri:0, instance:Mb_Search_Test.TopAgent_Test@77a7cf58]" started-at="2025-06-03T13:19:58 IST" name="agentcontactCTA" finished-at="2025-06-03T13:19:59 IST" duration-ms="733" status="PASS">
          <reporter-output>
          </reporter-output>
        </test-method> <!-- agentcontactCTA -->
        <test-method is-config="true" signature="setup()[pri:0, instance:Mb_Search_Test.TopAgent_Test@77a7cf58]" started-at="2025-06-03T13:19:59 IST" name="setup" finished-at="2025-06-03T13:20:06 IST" duration-ms="7397" status="PASS">
          <reporter-output>
          </reporter-output>
        </test-method> <!-- setup -->
        <test-method signature="dropdownvalidation()[pri:1, instance:Mb_Search_Test.TopAgent_Test@77a7cf58]" started-at="2025-06-03T13:20:06 IST" name="dropdownvalidation" finished-at="2025-06-03T13:20:06 IST" duration-ms="381" status="PASS">
          <reporter-output>
          </reporter-output>
        </test-method> <!-- dropdownvalidation -->
        <test-method is-config="true" signature="setup()[pri:0, instance:Mb_Search_Test.TopAgent_Test@77a7cf58]" started-at="2025-06-03T13:20:06 IST" name="setup" finished-at="2025-06-03T13:20:17 IST" duration-ms="10289" status="PASS">
          <reporter-output>
          </reporter-output>
        </test-method> <!-- setup -->
        <test-method signature="agentnamevalidation()[pri:2, instance:Mb_Search_Test.TopAgent_Test@77a7cf58]" started-at="2025-06-03T13:20:17 IST" name="agentnamevalidation" finished-at="2025-06-03T13:20:26 IST" duration-ms="9313" status="PASS">
          <reporter-output>
          </reporter-output>
        </test-method> <!-- agentnamevalidation -->
      </class> <!-- Mb_Search_Test.TopAgent_Test -->
    </test> <!-- Default test -->
  </suite> <!-- Default suite -->
</testng-results>
